<?xml version="1.0" encoding="UTF-8"?>
<robot generator="Robot 3.1.2 (Python 3.8.1 on win32)" generated="20200302 20:21:26.086" rpa="false">
<suite id="s1" name="Tests" source="C:\Users\needt\PycharmProjects\automtest20_lab2\Tests">
<suite id="s1-s1" name="Lab2" source="C:\Users\needt\PycharmProjects\automtest20_lab2\Tests\lab2.robot">
<test id="s1-s1-t1" name="Log in with the wrong credentials">
<kw name="Begin Web Test" library="keywords" type="setup">
<kw name="Open Browser" library="SeleniumLibrary">
<doc>Opens a new browser instance to the optional ``url``.</doc>
<arguments>
<arg>about:blank</arg>
<arg>${BROWSER}</arg>
</arguments>
<msg timestamp="20200302 20:21:26.601" level="INFO">Opening browser 'chrome' to base url 'about:blank'.</msg>
<status status="PASS" starttime="20200302 20:21:26.600" endtime="20200302 20:21:33.897"></status>
</kw>
<kw name="Maximize Browser Window" library="SeleniumLibrary">
<doc>Maximizes current browser window.</doc>
<status status="PASS" starttime="20200302 20:21:33.898" endtime="20200302 20:21:38.213"></status>
</kw>
<kw name="Go To Web Page" library="keywords">
<kw name="Go To" library="SeleniumLibrary">
<doc>Navigates the current browser window to the provided ``url``.</doc>
<arguments>
<arg>${URL}</arg>
</arguments>
<msg timestamp="20200302 20:21:38.215" level="INFO">Opening url 'http://rental20.infotiv.net/'</msg>
<status status="PASS" starttime="20200302 20:21:38.214" endtime="20200302 20:21:39.250"></status>
</kw>
<status status="PASS" starttime="20200302 20:21:38.214" endtime="20200302 20:21:39.250"></status>
</kw>
<kw name="Verify Page Loaded" library="keywords">
<kw name="Get Text" library="SeleniumLibrary">
<doc>Returns the text value of the element identified by ``locator``.</doc>
<arguments>
<arg>id:questionText</arg>
</arguments>
<assign>
<var>${link_text}</var>
</assign>
<msg timestamp="20200302 20:21:39.485" level="INFO">${link_text} = When do you want to make your trip?</msg>
<status status="PASS" starttime="20200302 20:21:39.251" endtime="20200302 20:21:39.486"></status>
</kw>
<kw name="Should Be Equal" library="BuiltIn">
<doc>Fails if the given objects are unequal.</doc>
<arguments>
<arg>${link_text}</arg>
<arg>When do you want to make your trip?</arg>
</arguments>
<status status="PASS" starttime="20200302 20:21:39.486" endtime="20200302 20:21:39.487"></status>
</kw>
<status status="PASS" starttime="20200302 20:21:39.250" endtime="20200302 20:21:39.487"></status>
</kw>
<status status="PASS" starttime="20200302 20:21:26.600" endtime="20200302 20:21:39.487"></status>
</kw>
<kw name="Go To Web Page" library="keywords">
<kw name="Go To" library="SeleniumLibrary">
<doc>Navigates the current browser window to the provided ``url``.</doc>
<arguments>
<arg>${URL}</arg>
</arguments>
<msg timestamp="20200302 20:21:39.499" level="INFO">Opening url 'http://rental20.infotiv.net/'</msg>
<status status="PASS" starttime="20200302 20:21:39.499" endtime="20200302 20:21:39.993"></status>
</kw>
<status status="PASS" starttime="20200302 20:21:39.498" endtime="20200302 20:21:39.993"></status>
</kw>
<kw name="Verify Page Loaded" library="keywords">
<kw name="Get Text" library="SeleniumLibrary">
<doc>Returns the text value of the element identified by ``locator``.</doc>
<arguments>
<arg>id:questionText</arg>
</arguments>
<assign>
<var>${link_text}</var>
</assign>
<msg timestamp="20200302 20:21:40.215" level="INFO">${link_text} = When do you want to make your trip?</msg>
<status status="PASS" starttime="20200302 20:21:40.005" endtime="20200302 20:21:40.215"></status>
</kw>
<kw name="Should Be Equal" library="BuiltIn">
<doc>Fails if the given objects are unequal.</doc>
<arguments>
<arg>${link_text}</arg>
<arg>When do you want to make your trip?</arg>
</arguments>
<status status="PASS" starttime="20200302 20:21:40.215" endtime="20200302 20:21:40.216"></status>
</kw>
<status status="PASS" starttime="20200302 20:21:40.004" endtime="20200302 20:21:40.216"></status>
</kw>
<kw name="Enter Email" library="keywords">
<arguments>
<arg>${BAD_EMAIL}</arg>
</arguments>
<kw name="Input Text" library="SeleniumLibrary">
<doc>Types the given ``text`` into the text field identified by ``locator``.</doc>
<arguments>
<arg>xpath://input[@id="email"]</arg>
<arg>${email}</arg>
</arguments>
<msg timestamp="20200302 20:21:40.219" level="INFO">Typing text 'wrong@as.can.be' into text field 'xpath://input[@id="email"]'.</msg>
<status status="PASS" starttime="20200302 20:21:40.219" endtime="20200302 20:21:40.760"></status>
</kw>
<status status="PASS" starttime="20200302 20:21:40.217" endtime="20200302 20:21:40.760"></status>
</kw>
<kw name="ENTER PASSWORD" library="keywords">
<arguments>
<arg>${BAD_PASSWORD}</arg>
</arguments>
<kw name="Input Text" library="SeleniumLibrary">
<doc>Types the given ``text`` into the text field identified by ``locator``.</doc>
<arguments>
<arg>xpath://input[@id="password"]</arg>
<arg>${password}</arg>
</arguments>
<msg timestamp="20200302 20:21:40.769" level="INFO">Typing text 'ClearlyWrong' into text field 'xpath://input[@id="password"]'.</msg>
<status status="PASS" starttime="20200302 20:21:40.769" endtime="20200302 20:21:41.141"></status>
</kw>
<status status="PASS" starttime="20200302 20:21:40.768" endtime="20200302 20:21:41.141"></status>
</kw>
<kw name="Click Button Login" library="keywords">
<kw name="Click Button" library="SeleniumLibrary">
<doc>Clicks the button identified by ``locator``.</doc>
<arguments>
<arg>xpath://button[@id="login"]</arg>
</arguments>
<msg timestamp="20200302 20:21:41.148" level="INFO">Clicking button 'xpath://button[@id="login"]'.</msg>
<status status="PASS" starttime="20200302 20:21:41.148" endtime="20200302 20:21:41.865"></status>
</kw>
<status status="PASS" starttime="20200302 20:21:41.147" endtime="20200302 20:21:41.865"></status>
</kw>
<kw name="Verify Login Failed" library="keywords">
<kw name="Wait Until Page Contains Element" library="SeleniumLibrary">
<doc>Waits until the element ``locator`` appears on the current page.</doc>
<arguments>
<arg>xpath://label[@id="signInError"]</arg>
</arguments>
<status status="PASS" starttime="20200302 20:21:41.901" endtime="20200302 20:21:41.993"></status>
</kw>
<kw name="Get Text" library="SeleniumLibrary">
<doc>Returns the text value of the element identified by ``locator``.</doc>
<arguments>
<arg>xpath://label[@id="signInError"]</arg>
</arguments>
<assign>
<var>${status_message}</var>
</assign>
<msg timestamp="20200302 20:21:42.056" level="INFO">${status_message} = Wrong e-mail or password</msg>
<status status="PASS" starttime="20200302 20:21:41.994" endtime="20200302 20:21:42.056"></status>
</kw>
<kw name="Should Be Equal" library="BuiltIn">
<doc>Fails if the given objects are unequal.</doc>
<arguments>
<arg>${status_message}</arg>
<arg>Wrong e-mail or password</arg>
</arguments>
<status status="PASS" starttime="20200302 20:21:42.059" endtime="20200302 20:21:42.060"></status>
</kw>
<status status="PASS" starttime="20200302 20:21:41.900" endtime="20200302 20:21:42.061"></status>
</kw>
<kw name="End Web Test" library="keywords" type="teardown">
<kw name="Close Browser" library="SeleniumLibrary">
<doc>Closes the current browser.</doc>
<status status="PASS" starttime="20200302 20:21:42.069" endtime="20200302 20:21:45.652"></status>
</kw>
<status status="PASS" starttime="20200302 20:21:42.069" endtime="20200302 20:21:45.653"></status>
</kw>
<doc>User logging in with the wrong credentials</doc>
<tags>
<tag>Testfall 1: Negative</tag>
</tags>
<status status="PASS" starttime="20200302 20:21:26.598" endtime="20200302 20:21:45.658" critical="yes"></status>
</test>
<test id="s1-s1-t2" name="Test MyPage Gherkin">
<kw name="Begin Web Test" library="keywords" type="setup">
<kw name="Open Browser" library="SeleniumLibrary">
<doc>Opens a new browser instance to the optional ``url``.</doc>
<arguments>
<arg>about:blank</arg>
<arg>${BROWSER}</arg>
</arguments>
<msg timestamp="20200302 20:21:45.683" level="INFO">Opening browser 'chrome' to base url 'about:blank'.</msg>
<status status="PASS" starttime="20200302 20:21:45.683" endtime="20200302 20:21:52.305"></status>
</kw>
<kw name="Maximize Browser Window" library="SeleniumLibrary">
<doc>Maximizes current browser window.</doc>
<status status="PASS" starttime="20200302 20:21:52.306" endtime="20200302 20:21:56.446"></status>
</kw>
<kw name="Go To Web Page" library="keywords">
<kw name="Go To" library="SeleniumLibrary">
<doc>Navigates the current browser window to the provided ``url``.</doc>
<arguments>
<arg>${URL}</arg>
</arguments>
<msg timestamp="20200302 20:21:56.453" level="INFO">Opening url 'http://rental20.infotiv.net/'</msg>
<status status="PASS" starttime="20200302 20:21:56.450" endtime="20200302 20:21:57.449"></status>
</kw>
<status status="PASS" starttime="20200302 20:21:56.447" endtime="20200302 20:21:57.450"></status>
</kw>
<kw name="Verify Page Loaded" library="keywords">
<kw name="Get Text" library="SeleniumLibrary">
<doc>Returns the text value of the element identified by ``locator``.</doc>
<arguments>
<arg>id:questionText</arg>
</arguments>
<assign>
<var>${link_text}</var>
</assign>
<msg timestamp="20200302 20:21:57.661" level="INFO">${link_text} = When do you want to make your trip?</msg>
<status status="PASS" starttime="20200302 20:21:57.450" endtime="20200302 20:21:57.661"></status>
</kw>
<kw name="Should Be Equal" library="BuiltIn">
<doc>Fails if the given objects are unequal.</doc>
<arguments>
<arg>${link_text}</arg>
<arg>When do you want to make your trip?</arg>
</arguments>
<status status="PASS" starttime="20200302 20:21:57.661" endtime="20200302 20:21:57.663"></status>
</kw>
<status status="PASS" starttime="20200302 20:21:57.450" endtime="20200302 20:21:57.663"></status>
</kw>
<status status="PASS" starttime="20200302 20:21:45.682" endtime="20200302 20:21:57.663"></status>
</kw>
<kw name="Given That User Already Registered" library="keywords">
<kw name="Go To Web Page" library="keywords">
<kw name="Go To" library="SeleniumLibrary">
<doc>Navigates the current browser window to the provided ``url``.</doc>
<arguments>
<arg>${URL}</arg>
</arguments>
<msg timestamp="20200302 20:21:57.716" level="INFO">Opening url 'http://rental20.infotiv.net/'</msg>
<status status="PASS" starttime="20200302 20:21:57.715" endtime="20200302 20:21:58.076"></status>
</kw>
<status status="PASS" starttime="20200302 20:21:57.715" endtime="20200302 20:21:58.076"></status>
</kw>
<kw name="Verify Page Loaded" library="keywords">
<kw name="Get Text" library="SeleniumLibrary">
<doc>Returns the text value of the element identified by ``locator``.</doc>
<arguments>
<arg>id:questionText</arg>
</arguments>
<assign>
<var>${link_text}</var>
</assign>
<msg timestamp="20200302 20:21:58.211" level="INFO">${link_text} = When do you want to make your trip?</msg>
<status status="PASS" starttime="20200302 20:21:58.077" endtime="20200302 20:21:58.211"></status>
</kw>
<kw name="Should Be Equal" library="BuiltIn">
<doc>Fails if the given objects are unequal.</doc>
<arguments>
<arg>${link_text}</arg>
<arg>When do you want to make your trip?</arg>
</arguments>
<status status="PASS" starttime="20200302 20:21:58.211" endtime="20200302 20:21:58.212"></status>
</kw>
<status status="PASS" starttime="20200302 20:21:58.076" endtime="20200302 20:21:58.212"></status>
</kw>
<status status="PASS" starttime="20200302 20:21:57.714" endtime="20200302 20:21:58.212"></status>
</kw>
<kw name="When User Logs In And Clicks My Page" library="keywords">
<kw name="Enter Email" library="keywords">
<arguments>
<arg>${EMAIL}</arg>
</arguments>
<kw name="Input Text" library="SeleniumLibrary">
<doc>Types the given ``text`` into the text field identified by ``locator``.</doc>
<arguments>
<arg>xpath://input[@id="email"]</arg>
<arg>${email}</arg>
</arguments>
<msg timestamp="20200302 20:21:58.242" level="INFO">Typing text 'needtsleep@gmail.com' into text field 'xpath://input[@id="email"]'.</msg>
<status status="PASS" starttime="20200302 20:21:58.241" endtime="20200302 20:21:59.175"></status>
</kw>
<status status="PASS" starttime="20200302 20:21:58.241" endtime="20200302 20:21:59.175"></status>
</kw>
<kw name="ENTER PASSWORD" library="keywords">
<arguments>
<arg>${PASSWORD}</arg>
</arguments>
<kw name="Input Text" library="SeleniumLibrary">
<doc>Types the given ``text`` into the text field identified by ``locator``.</doc>
<arguments>
<arg>xpath://input[@id="password"]</arg>
<arg>${password}</arg>
</arguments>
<msg timestamp="20200302 20:21:59.177" level="INFO">Typing text 'murre123' into text field 'xpath://input[@id="password"]'.</msg>
<status status="PASS" starttime="20200302 20:21:59.176" endtime="20200302 20:21:59.403"></status>
</kw>
<status status="PASS" starttime="20200302 20:21:59.176" endtime="20200302 20:21:59.404"></status>
</kw>
<kw name="Click Button Login" library="keywords">
<kw name="Click Button" library="SeleniumLibrary">
<doc>Clicks the button identified by ``locator``.</doc>
<arguments>
<arg>xpath://button[@id="login"]</arg>
</arguments>
<msg timestamp="20200302 20:21:59.405" level="INFO">Clicking button 'xpath://button[@id="login"]'.</msg>
<status status="PASS" starttime="20200302 20:21:59.405" endtime="20200302 20:22:00.131"></status>
</kw>
<status status="PASS" starttime="20200302 20:21:59.404" endtime="20200302 20:22:00.131"></status>
</kw>
<kw name="Verify Login Page Loaded" library="keywords">
<kw name="Wait Until Page Contains Element" library="SeleniumLibrary">
<doc>Waits until the element ``locator`` appears on the current page.</doc>
<arguments>
<arg>xpath://label[@id="welcomePhrase"]</arg>
</arguments>
<status status="PASS" starttime="20200302 20:22:00.132" endtime="20200302 20:22:00.236"></status>
</kw>
<status status="PASS" starttime="20200302 20:22:00.132" endtime="20200302 20:22:00.236"></status>
</kw>
<status status="PASS" starttime="20200302 20:21:58.240" endtime="20200302 20:22:00.237"></status>
</kw>
<kw name="Then The User Expects To See Page" library="keywords">
<kw name="Click Button Mypage" library="keywords">
<kw name="Click Button" library="SeleniumLibrary">
<doc>Clicks the button identified by ``locator``.</doc>
<arguments>
<arg>xpath://button[@id="mypage"]</arg>
</arguments>
<msg timestamp="20200302 20:22:00.247" level="INFO">Clicking button 'xpath://button[@id="mypage"]'.</msg>
<status status="PASS" starttime="20200302 20:22:00.247" endtime="20200302 20:22:00.810"></status>
</kw>
<kw name="Get Title" library="SeleniumLibrary">
<doc>Returns the title of the current page.</doc>
<assign>
<var>${title_value}</var>
</assign>
<msg timestamp="20200302 20:22:00.831" level="INFO">${title_value} = Mypage</msg>
<status status="PASS" starttime="20200302 20:22:00.811" endtime="20200302 20:22:00.831"></status>
</kw>
<kw name="Should Be Equal" library="BuiltIn">
<doc>Fails if the given objects are unequal.</doc>
<arguments>
<arg>${title_value}</arg>
<arg>Mypage</arg>
</arguments>
<status status="PASS" starttime="20200302 20:22:00.831" endtime="20200302 20:22:00.832"></status>
</kw>
<status status="PASS" starttime="20200302 20:22:00.246" endtime="20200302 20:22:00.832"></status>
</kw>
<status status="PASS" starttime="20200302 20:22:00.246" endtime="20200302 20:22:00.832"></status>
</kw>
<kw name="End Web Test" library="keywords" type="teardown">
<kw name="Close Browser" library="SeleniumLibrary">
<doc>Closes the current browser.</doc>
<status status="PASS" starttime="20200302 20:22:00.838" endtime="20200302 20:22:04.018"></status>
</kw>
<status status="PASS" starttime="20200302 20:22:00.838" endtime="20200302 20:22:04.019"></status>
</kw>
<doc>Given that user is registered, the user logs in and clicks the My Page button expecting to see their personal page.</doc>
<tags>
<tag>Testfall 2: Gherkin Test MyPage</tag>
</tags>
<status status="PASS" starttime="20200302 20:21:45.680" endtime="20200302 20:22:04.022" critical="yes"></status>
</test>
<test id="s1-s1-t3" name="Input No Value">
<kw name="Begin Web Test" library="keywords" type="setup">
<kw name="Open Browser" library="SeleniumLibrary">
<doc>Opens a new browser instance to the optional ``url``.</doc>
<arguments>
<arg>about:blank</arg>
<arg>${BROWSER}</arg>
</arguments>
<msg timestamp="20200302 20:22:04.034" level="INFO">Opening browser 'chrome' to base url 'about:blank'.</msg>
<status status="PASS" starttime="20200302 20:22:04.033" endtime="20200302 20:22:10.477"></status>
</kw>
<kw name="Maximize Browser Window" library="SeleniumLibrary">
<doc>Maximizes current browser window.</doc>
<status status="PASS" starttime="20200302 20:22:10.478" endtime="20200302 20:22:14.668"></status>
</kw>
<kw name="Go To Web Page" library="keywords">
<kw name="Go To" library="SeleniumLibrary">
<doc>Navigates the current browser window to the provided ``url``.</doc>
<arguments>
<arg>${URL}</arg>
</arguments>
<msg timestamp="20200302 20:22:14.670" level="INFO">Opening url 'http://rental20.infotiv.net/'</msg>
<status status="PASS" starttime="20200302 20:22:14.669" endtime="20200302 20:22:15.518"></status>
</kw>
<status status="PASS" starttime="20200302 20:22:14.669" endtime="20200302 20:22:15.518"></status>
</kw>
<kw name="Verify Page Loaded" library="keywords">
<kw name="Get Text" library="SeleniumLibrary">
<doc>Returns the text value of the element identified by ``locator``.</doc>
<arguments>
<arg>id:questionText</arg>
</arguments>
<assign>
<var>${link_text}</var>
</assign>
<msg timestamp="20200302 20:22:15.727" level="INFO">${link_text} = When do you want to make your trip?</msg>
<status status="PASS" starttime="20200302 20:22:15.519" endtime="20200302 20:22:15.727"></status>
</kw>
<kw name="Should Be Equal" library="BuiltIn">
<doc>Fails if the given objects are unequal.</doc>
<arguments>
<arg>${link_text}</arg>
<arg>When do you want to make your trip?</arg>
</arguments>
<status status="PASS" starttime="20200302 20:22:15.727" endtime="20200302 20:22:15.728"></status>
</kw>
<status status="PASS" starttime="20200302 20:22:15.519" endtime="20200302 20:22:15.728"></status>
</kw>
<status status="PASS" starttime="20200302 20:22:04.033" endtime="20200302 20:22:15.728"></status>
</kw>
<kw name="Go To Web Page" library="keywords">
<kw name="Go To" library="SeleniumLibrary">
<doc>Navigates the current browser window to the provided ``url``.</doc>
<arguments>
<arg>${URL}</arg>
</arguments>
<msg timestamp="20200302 20:22:15.741" level="INFO">Opening url 'http://rental20.infotiv.net/'</msg>
<status status="PASS" starttime="20200302 20:22:15.741" endtime="20200302 20:22:16.235"></status>
</kw>
<status status="PASS" starttime="20200302 20:22:15.740" endtime="20200302 20:22:16.236"></status>
</kw>
<kw name="Verify Page Loaded" library="keywords">
<kw name="Get Text" library="SeleniumLibrary">
<doc>Returns the text value of the element identified by ``locator``.</doc>
<arguments>
<arg>id:questionText</arg>
</arguments>
<assign>
<var>${link_text}</var>
</assign>
<msg timestamp="20200302 20:22:16.491" level="INFO">${link_text} = When do you want to make your trip?</msg>
<status status="PASS" starttime="20200302 20:22:16.336" endtime="20200302 20:22:16.491"></status>
</kw>
<kw name="Should Be Equal" library="BuiltIn">
<doc>Fails if the given objects are unequal.</doc>
<arguments>
<arg>${link_text}</arg>
<arg>When do you want to make your trip?</arg>
</arguments>
<status status="PASS" starttime="20200302 20:22:16.492" endtime="20200302 20:22:16.492"></status>
</kw>
<status status="PASS" starttime="20200302 20:22:16.329" endtime="20200302 20:22:16.492"></status>
</kw>
<kw name="Click Button Login" library="keywords">
<kw name="Click Button" library="SeleniumLibrary">
<doc>Clicks the button identified by ``locator``.</doc>
<arguments>
<arg>xpath://button[@id="login"]</arg>
</arguments>
<msg timestamp="20200302 20:22:16.512" level="INFO">Clicking button 'xpath://button[@id="login"]'.</msg>
<status status="PASS" starttime="20200302 20:22:16.511" endtime="20200302 20:22:17.030"></status>
</kw>
<status status="PASS" starttime="20200302 20:22:16.511" endtime="20200302 20:22:17.031"></status>
</kw>
<kw name="Verify Login Page Warning" library="keywords">
<kw name="Element Attribute Value Should Be" library="SeleniumLibrary">
<doc>Verifies element identified by ``locator`` contains expected attribute value.</doc>
<arguments>
<arg>xpath://*[@id="email"]</arg>
<arg>required</arg>
<arg>true</arg>
</arguments>
<msg timestamp="20200302 20:22:17.153" level="INFO">Element 'xpath://*[@id="email"]' attribute 'required' contains value 'true'.</msg>
<status status="PASS" starttime="20200302 20:22:17.033" endtime="20200302 20:22:17.153"></status>
</kw>
<status status="PASS" starttime="20200302 20:22:17.033" endtime="20200302 20:22:17.154"></status>
</kw>
<kw name="End Web Test" library="keywords" type="teardown">
<kw name="Close Browser" library="SeleniumLibrary">
<doc>Closes the current browser.</doc>
<status status="PASS" starttime="20200302 20:22:17.168" endtime="20200302 20:22:20.917"></status>
</kw>
<status status="PASS" starttime="20200302 20:22:17.168" endtime="20200302 20:22:20.918"></status>
</kw>
<doc>Submit field with no value</doc>
<tags>
<tag>Testfall 3: Submit no value</tag>
</tags>
<status status="PASS" starttime="20200302 20:22:04.030" endtime="20200302 20:22:20.919" critical="yes"></status>
</test>
<test id="s1-s1-t4" name="Reset button on Date Selection">
<kw name="Begin Web Test" library="keywords" type="setup">
<kw name="Open Browser" library="SeleniumLibrary">
<doc>Opens a new browser instance to the optional ``url``.</doc>
<arguments>
<arg>about:blank</arg>
<arg>${BROWSER}</arg>
</arguments>
<msg timestamp="20200302 20:22:20.932" level="INFO">Opening browser 'chrome' to base url 'about:blank'.</msg>
<status status="PASS" starttime="20200302 20:22:20.930" endtime="20200302 20:22:25.376"></status>
</kw>
<kw name="Maximize Browser Window" library="SeleniumLibrary">
<doc>Maximizes current browser window.</doc>
<status status="PASS" starttime="20200302 20:22:25.376" endtime="20200302 20:22:29.588"></status>
</kw>
<kw name="Go To Web Page" library="keywords">
<kw name="Go To" library="SeleniumLibrary">
<doc>Navigates the current browser window to the provided ``url``.</doc>
<arguments>
<arg>${URL}</arg>
</arguments>
<msg timestamp="20200302 20:22:29.589" level="INFO">Opening url 'http://rental20.infotiv.net/'</msg>
<status status="PASS" starttime="20200302 20:22:29.589" endtime="20200302 20:22:30.641"></status>
</kw>
<status status="PASS" starttime="20200302 20:22:29.588" endtime="20200302 20:22:30.642"></status>
</kw>
<kw name="Verify Page Loaded" library="keywords">
<kw name="Get Text" library="SeleniumLibrary">
<doc>Returns the text value of the element identified by ``locator``.</doc>
<arguments>
<arg>id:questionText</arg>
</arguments>
<assign>
<var>${link_text}</var>
</assign>
<msg timestamp="20200302 20:22:30.884" level="INFO">${link_text} = When do you want to make your trip?</msg>
<status status="PASS" starttime="20200302 20:22:30.643" endtime="20200302 20:22:30.884"></status>
</kw>
<kw name="Should Be Equal" library="BuiltIn">
<doc>Fails if the given objects are unequal.</doc>
<arguments>
<arg>${link_text}</arg>
<arg>When do you want to make your trip?</arg>
</arguments>
<status status="PASS" starttime="20200302 20:22:30.884" endtime="20200302 20:22:30.885"></status>
</kw>
<status status="PASS" starttime="20200302 20:22:30.642" endtime="20200302 20:22:30.885"></status>
</kw>
<status status="PASS" starttime="20200302 20:22:20.929" endtime="20200302 20:22:30.885"></status>
</kw>
<kw name="Go To Web Page" library="keywords">
<kw name="Go To" library="SeleniumLibrary">
<doc>Navigates the current browser window to the provided ``url``.</doc>
<arguments>
<arg>${URL}</arg>
</arguments>
<msg timestamp="20200302 20:22:30.889" level="INFO">Opening url 'http://rental20.infotiv.net/'</msg>
<status status="PASS" starttime="20200302 20:22:30.889" endtime="20200302 20:22:31.293"></status>
</kw>
<status status="PASS" starttime="20200302 20:22:30.888" endtime="20200302 20:22:31.294"></status>
</kw>
<kw name="Verify Page Loaded" library="keywords">
<kw name="Get Text" library="SeleniumLibrary">
<doc>Returns the text value of the element identified by ``locator``.</doc>
<arguments>
<arg>id:questionText</arg>
</arguments>
<assign>
<var>${link_text}</var>
</assign>
<msg timestamp="20200302 20:22:31.372" level="INFO">${link_text} = When do you want to make your trip?</msg>
<status status="PASS" starttime="20200302 20:22:31.306" endtime="20200302 20:22:31.372"></status>
</kw>
<kw name="Should Be Equal" library="BuiltIn">
<doc>Fails if the given objects are unequal.</doc>
<arguments>
<arg>${link_text}</arg>
<arg>When do you want to make your trip?</arg>
</arguments>
<status status="PASS" starttime="20200302 20:22:31.372" endtime="20200302 20:22:31.373"></status>
</kw>
<status status="PASS" starttime="20200302 20:22:31.306" endtime="20200302 20:22:31.373"></status>
</kw>
<kw name="Delete Date" library="keywords">
<kw name="Input Text" library="SeleniumLibrary">
<doc>Types the given ``text`` into the text field identified by ``locator``.</doc>
<arguments>
<arg>xpath://input[@id="start"]</arg>
<arg>0000-00-00</arg>
</arguments>
<msg timestamp="20200302 20:22:31.392" level="INFO">Typing text '0000-00-00' into text field 'xpath://input[@id="start"]'.</msg>
<status status="PASS" starttime="20200302 20:22:31.391" endtime="20200302 20:22:31.982"></status>
</kw>
<kw name="Click Button" library="SeleniumLibrary">
<doc>Clicks the button identified by ``locator``.</doc>
<arguments>
<arg>xpath://button[@id="continue"]</arg>
</arguments>
<msg timestamp="20200302 20:22:31.983" level="INFO">Clicking button 'xpath://button[@id="continue"]'.</msg>
<status status="PASS" starttime="20200302 20:22:31.982" endtime="20200302 20:22:32.252"></status>
</kw>
<kw name="Element Attribute Value Should Be" library="SeleniumLibrary">
<doc>Verifies element identified by ``locator`` contains expected attribute value.</doc>
<arguments>
<arg>xpath://*[@id="start"]</arg>
<arg>required</arg>
<arg>true</arg>
</arguments>
<msg timestamp="20200302 20:22:32.454" level="INFO">Element 'xpath://*[@id="start"]' attribute 'required' contains value 'true'.</msg>
<status status="PASS" starttime="20200302 20:22:32.252" endtime="20200302 20:22:32.454"></status>
</kw>
<status status="PASS" starttime="20200302 20:22:31.390" endtime="20200302 20:22:32.454"></status>
</kw>
<kw name="Click Reset button and go to the next page" library="keywords">
<kw name="Click Button" library="SeleniumLibrary">
<doc>Clicks the button identified by ``locator``.</doc>
<arguments>
<arg>xpath://button[@id="reset"]</arg>
</arguments>
<msg timestamp="20200302 20:22:32.457" level="INFO">Clicking button 'xpath://button[@id="reset"]'.</msg>
<status status="PASS" starttime="20200302 20:22:32.457" endtime="20200302 20:22:33.267"></status>
</kw>
<kw name="Click Button" library="SeleniumLibrary">
<doc>Clicks the button identified by ``locator``.</doc>
<arguments>
<arg>xpath://button[@id="continue"]</arg>
</arguments>
<msg timestamp="20200302 20:22:33.268" level="INFO">Clicking button 'xpath://button[@id="continue"]'.</msg>
<status status="PASS" starttime="20200302 20:22:33.267" endtime="20200302 20:22:34.458"></status>
</kw>
<kw name="Get Text" library="SeleniumLibrary">
<doc>Returns the text value of the element identified by ``locator``.</doc>
<arguments>
<arg>id:questionText</arg>
</arguments>
<assign>
<var>${link_text}</var>
</assign>
<msg timestamp="20200302 20:22:34.513" level="INFO">${link_text} = What would you like to drive?</msg>
<status status="PASS" starttime="20200302 20:22:34.458" endtime="20200302 20:22:34.513"></status>
</kw>
<kw name="Should Be Equal" library="BuiltIn">
<doc>Fails if the given objects are unequal.</doc>
<arguments>
<arg>${link_text}</arg>
<arg>What would you like to drive?</arg>
</arguments>
<status status="PASS" starttime="20200302 20:22:34.513" endtime="20200302 20:22:34.514"></status>
</kw>
<status status="PASS" starttime="20200302 20:22:32.456" endtime="20200302 20:22:34.514"></status>
</kw>
<kw name="End Web Test" library="keywords" type="teardown">
<kw name="Close Browser" library="SeleniumLibrary">
<doc>Closes the current browser.</doc>
<status status="PASS" starttime="20200302 20:22:34.519" endtime="20200302 20:22:36.919"></status>
</kw>
<status status="PASS" starttime="20200302 20:22:34.518" endtime="20200302 20:22:36.920"></status>
</kw>
<doc>Reset button on date selection should go back to a correct date after entering 0 in the date.</doc>
<tags>
<tag>Testfall 4: Reset Button</tag>
</tags>
<status status="PASS" starttime="20200302 20:22:20.925" endtime="20200302 20:22:36.921" critical="yes"></status>
</test>
<test id="s1-s1-t5" name="Long test">
<kw name="Begin Web Test" library="keywords" type="setup">
<kw name="Open Browser" library="SeleniumLibrary">
<doc>Opens a new browser instance to the optional ``url``.</doc>
<arguments>
<arg>about:blank</arg>
<arg>${BROWSER}</arg>
</arguments>
<msg timestamp="20200302 20:22:36.934" level="INFO">Opening browser 'chrome' to base url 'about:blank'.</msg>
<status status="PASS" starttime="20200302 20:22:36.932" endtime="20200302 20:22:43.497"></status>
</kw>
<kw name="Maximize Browser Window" library="SeleniumLibrary">
<doc>Maximizes current browser window.</doc>
<status status="PASS" starttime="20200302 20:22:43.497" endtime="20200302 20:22:47.669"></status>
</kw>
<kw name="Go To Web Page" library="keywords">
<kw name="Go To" library="SeleniumLibrary">
<doc>Navigates the current browser window to the provided ``url``.</doc>
<arguments>
<arg>${URL}</arg>
</arguments>
<msg timestamp="20200302 20:22:47.670" level="INFO">Opening url 'http://rental20.infotiv.net/'</msg>
<status status="PASS" starttime="20200302 20:22:47.670" endtime="20200302 20:22:48.507"></status>
</kw>
<status status="PASS" starttime="20200302 20:22:47.669" endtime="20200302 20:22:48.508"></status>
</kw>
<kw name="Verify Page Loaded" library="keywords">
<kw name="Get Text" library="SeleniumLibrary">
<doc>Returns the text value of the element identified by ``locator``.</doc>
<arguments>
<arg>id:questionText</arg>
</arguments>
<assign>
<var>${link_text}</var>
</assign>
<msg timestamp="20200302 20:22:48.776" level="INFO">${link_text} = When do you want to make your trip?</msg>
<status status="PASS" starttime="20200302 20:22:48.509" endtime="20200302 20:22:48.776"></status>
</kw>
<kw name="Should Be Equal" library="BuiltIn">
<doc>Fails if the given objects are unequal.</doc>
<arguments>
<arg>${link_text}</arg>
<arg>When do you want to make your trip?</arg>
</arguments>
<status status="PASS" starttime="20200302 20:22:48.776" endtime="20200302 20:22:48.777"></status>
</kw>
<status status="PASS" starttime="20200302 20:22:48.508" endtime="20200302 20:22:48.777"></status>
</kw>
<status status="PASS" starttime="20200302 20:22:36.930" endtime="20200302 20:22:48.777"></status>
</kw>
<kw name="Go To Web Page" library="keywords">
<kw name="Go To" library="SeleniumLibrary">
<doc>Navigates the current browser window to the provided ``url``.</doc>
<arguments>
<arg>${URL}</arg>
</arguments>
<msg timestamp="20200302 20:22:48.790" level="INFO">Opening url 'http://rental20.infotiv.net/'</msg>
<status status="PASS" starttime="20200302 20:22:48.790" endtime="20200302 20:22:49.136"></status>
</kw>
<status status="PASS" starttime="20200302 20:22:48.789" endtime="20200302 20:22:49.136"></status>
</kw>
<kw name="Verify Page Loaded" library="keywords">
<kw name="Get Text" library="SeleniumLibrary">
<doc>Returns the text value of the element identified by ``locator``.</doc>
<arguments>
<arg>id:questionText</arg>
</arguments>
<assign>
<var>${link_text}</var>
</assign>
<msg timestamp="20200302 20:22:49.276" level="INFO">${link_text} = When do you want to make your trip?</msg>
<status status="PASS" starttime="20200302 20:22:49.153" endtime="20200302 20:22:49.277"></status>
</kw>
<kw name="Should Be Equal" library="BuiltIn">
<doc>Fails if the given objects are unequal.</doc>
<arguments>
<arg>${link_text}</arg>
<arg>When do you want to make your trip?</arg>
</arguments>
<status status="PASS" starttime="20200302 20:22:49.277" endtime="20200302 20:22:49.277"></status>
</kw>
<status status="PASS" starttime="20200302 20:22:49.152" endtime="20200302 20:22:49.278"></status>
</kw>
<kw name="Enter Email" library="keywords">
<arguments>
<arg>${EMAIL}</arg>
</arguments>
<kw name="Input Text" library="SeleniumLibrary">
<doc>Types the given ``text`` into the text field identified by ``locator``.</doc>
<arguments>
<arg>xpath://input[@id="email"]</arg>
<arg>${email}</arg>
</arguments>
<msg timestamp="20200302 20:22:49.314" level="INFO">Typing text 'needtsleep@gmail.com' into text field 'xpath://input[@id="email"]'.</msg>
<status status="PASS" starttime="20200302 20:22:49.313" endtime="20200302 20:22:50.078"></status>
</kw>
<status status="PASS" starttime="20200302 20:22:49.312" endtime="20200302 20:22:50.079"></status>
</kw>
<kw name="ENTER PASSWORD" library="keywords">
<arguments>
<arg>${PASSWORD}</arg>
</arguments>
<kw name="Input Text" library="SeleniumLibrary">
<doc>Types the given ``text`` into the text field identified by ``locator``.</doc>
<arguments>
<arg>xpath://input[@id="password"]</arg>
<arg>${password}</arg>
</arguments>
<msg timestamp="20200302 20:22:50.082" level="INFO">Typing text 'murre123' into text field 'xpath://input[@id="password"]'.</msg>
<status status="PASS" starttime="20200302 20:22:50.082" endtime="20200302 20:22:50.372"></status>
</kw>
<status status="PASS" starttime="20200302 20:22:50.081" endtime="20200302 20:22:50.372"></status>
</kw>
<kw name="Click Button Login" library="keywords">
<kw name="Click Button" library="SeleniumLibrary">
<doc>Clicks the button identified by ``locator``.</doc>
<arguments>
<arg>xpath://button[@id="login"]</arg>
</arguments>
<msg timestamp="20200302 20:22:50.383" level="INFO">Clicking button 'xpath://button[@id="login"]'.</msg>
<status status="PASS" starttime="20200302 20:22:50.383" endtime="20200302 20:22:51.130"></status>
</kw>
<status status="PASS" starttime="20200302 20:22:50.382" endtime="20200302 20:22:51.130"></status>
</kw>
<kw name="Click Link And Verify Page" library="keywords">
<arguments>
<arg>about.php</arg>
<arg>about</arg>
</arguments>
<kw name="Click Link" library="SeleniumLibrary">
<doc>Clicks a link identified by ``locator``.</doc>
<arguments>
<arg>xpath://a[@id="${link_id}"]</arg>
</arguments>
<msg timestamp="20200302 20:22:51.133" level="INFO">Clicking link 'xpath://a[@id="about"]'.</msg>
<status status="PASS" starttime="20200302 20:22:51.132" endtime="20200302 20:22:51.714"></status>
</kw>
<kw name="Location Should Contain" library="SeleniumLibrary">
<doc>Verifies that the current URL contains ``expected``.</doc>
<arguments>
<arg>${url_should_contain}</arg>
</arguments>
<msg timestamp="20200302 20:22:51.735" level="INFO">Current location contains 'about.php'.</msg>
<status status="PASS" starttime="20200302 20:22:51.714" endtime="20200302 20:22:51.735"></status>
</kw>
<status status="PASS" starttime="20200302 20:22:51.132" endtime="20200302 20:22:51.735"></status>
</kw>
<kw name="Click Element And Verify Page" library="keywords">
<arguments>
<arg>index.php</arg>
<arg>logo</arg>
</arguments>
<kw name="Click Element" library="SeleniumLibrary">
<doc>Click the element identified by ``locator``.</doc>
<arguments>
<arg>xpath://div[@id="${element_id}"]</arg>
</arguments>
<msg timestamp="20200302 20:22:51.739" level="INFO">Clicking element 'xpath://div[@id="logo"]'.</msg>
<status status="PASS" starttime="20200302 20:22:51.736" endtime="20200302 20:22:52.184"></status>
</kw>
<kw name="Location Should Contain" library="SeleniumLibrary">
<doc>Verifies that the current URL contains ``expected``.</doc>
<arguments>
<arg>${url_should_contain}</arg>
</arguments>
<msg timestamp="20200302 20:22:52.213" level="INFO">Current location contains 'index.php'.</msg>
<status status="PASS" starttime="20200302 20:22:52.184" endtime="20200302 20:22:52.213"></status>
</kw>
<status status="PASS" starttime="20200302 20:22:51.736" endtime="20200302 20:22:52.213"></status>
</kw>
<kw name="Click Button And Verify Page" library="keywords">
<arguments>
<arg>myPage.php</arg>
<arg>mypage</arg>
</arguments>
<kw name="Click Button" library="SeleniumLibrary">
<doc>Clicks the button identified by ``locator``.</doc>
<arguments>
<arg>xpath://button[@id="${button_id}"]</arg>
</arguments>
<msg timestamp="20200302 20:22:52.216" level="INFO">Clicking button 'xpath://button[@id="mypage"]'.</msg>
<status status="PASS" starttime="20200302 20:22:52.215" endtime="20200302 20:22:52.788"></status>
</kw>
<kw name="Location Should Contain" library="SeleniumLibrary">
<doc>Verifies that the current URL contains ``expected``.</doc>
<arguments>
<arg>${url_should_contain}</arg>
</arguments>
<msg timestamp="20200302 20:22:52.800" level="INFO">Current location contains 'myPage.php'.</msg>
<status status="PASS" starttime="20200302 20:22:52.788" endtime="20200302 20:22:52.800"></status>
</kw>
<status status="PASS" starttime="20200302 20:22:52.214" endtime="20200302 20:22:52.800"></status>
</kw>
<kw name="Click Selected Button" library="keywords">
<arguments>
<arg>show</arg>
</arguments>
<kw name="Click Button" library="SeleniumLibrary">
<doc>Clicks the button identified by ``locator``.</doc>
<arguments>
<arg>xpath://button[@id="${button_id}"]</arg>
</arguments>
<msg timestamp="20200302 20:22:52.816" level="INFO">Clicking button 'xpath://button[@id="show"]'.</msg>
<status status="PASS" starttime="20200302 20:22:52.816" endtime="20200302 20:22:53.067"></status>
</kw>
<status status="PASS" starttime="20200302 20:22:52.815" endtime="20200302 20:22:53.067"></status>
</kw>
<kw name="Check Page Contains" library="keywords">
<arguments>
<arg>Order</arg>
</arguments>
<kw name="Wait Until Page Contains" library="SeleniumLibrary">
<doc>Waits until ``text`` appears on the current page.</doc>
<arguments>
<arg>Order</arg>
</arguments>
<status status="PASS" starttime="20200302 20:22:53.077" endtime="20200302 20:22:53.120"></status>
</kw>
<kw name="Page Should Contain" library="SeleniumLibrary">
<doc>Verifies that current page contains ``text``.</doc>
<arguments>
<arg>${text}</arg>
</arguments>
<msg timestamp="20200302 20:22:53.154" level="INFO">Current page contains text 'Order'.</msg>
<status status="PASS" starttime="20200302 20:22:53.120" endtime="20200302 20:22:53.155"></status>
</kw>
<status status="PASS" starttime="20200302 20:22:53.076" endtime="20200302 20:22:53.155"></status>
</kw>
<kw name="Click Selected Button" library="keywords">
<arguments>
<arg>hide</arg>
</arguments>
<kw name="Click Button" library="SeleniumLibrary">
<doc>Clicks the button identified by ``locator``.</doc>
<arguments>
<arg>xpath://button[@id="${button_id}"]</arg>
</arguments>
<msg timestamp="20200302 20:22:53.157" level="INFO">Clicking button 'xpath://button[@id="hide"]'.</msg>
<status status="PASS" starttime="20200302 20:22:53.156" endtime="20200302 20:22:53.320"></status>
</kw>
<status status="PASS" starttime="20200302 20:22:53.156" endtime="20200302 20:22:53.321"></status>
</kw>
<kw name="Click Element And Verify Page" library="keywords">
<arguments>
<arg>index.php</arg>
<arg>logo</arg>
</arguments>
<kw name="Click Element" library="SeleniumLibrary">
<doc>Click the element identified by ``locator``.</doc>
<arguments>
<arg>xpath://div[@id="${element_id}"]</arg>
</arguments>
<msg timestamp="20200302 20:22:53.328" level="INFO">Clicking element 'xpath://div[@id="logo"]'.</msg>
<status status="PASS" starttime="20200302 20:22:53.327" endtime="20200302 20:22:53.716"></status>
</kw>
<kw name="Location Should Contain" library="SeleniumLibrary">
<doc>Verifies that the current URL contains ``expected``.</doc>
<arguments>
<arg>${url_should_contain}</arg>
</arguments>
<msg timestamp="20200302 20:22:53.730" level="INFO">Current location contains 'index.php'.</msg>
<status status="PASS" starttime="20200302 20:22:53.716" endtime="20200302 20:22:53.730"></status>
</kw>
<status status="PASS" starttime="20200302 20:22:53.326" endtime="20200302 20:22:53.731"></status>
</kw>
<kw name="Book Car" library="keywords">
<kw name="Input Text" library="SeleniumLibrary">
<doc>Types the given ``text`` into the text field identified by ``locator``.</doc>
<arguments>
<arg>xpath://input[@id="start"]</arg>
<arg>03-10</arg>
</arguments>
<msg timestamp="20200302 20:22:53.734" level="INFO">Typing text '03-10' into text field 'xpath://input[@id="start"]'.</msg>
<status status="PASS" starttime="20200302 20:22:53.733" endtime="20200302 20:22:54.098"></status>
</kw>
<kw name="Input Text" library="SeleniumLibrary">
<doc>Types the given ``text`` into the text field identified by ``locator``.</doc>
<arguments>
<arg>xpath://input[@id="end"]</arg>
<arg>04-03</arg>
</arguments>
<msg timestamp="20200302 20:22:54.099" level="INFO">Typing text '04-03' into text field 'xpath://input[@id="end"]'.</msg>
<status status="PASS" starttime="20200302 20:22:54.098" endtime="20200302 20:22:54.343"></status>
</kw>
<kw name="Click Selected Button" library="keywords">
<arguments>
<arg>continue</arg>
</arguments>
<kw name="Click Button" library="SeleniumLibrary">
<doc>Clicks the button identified by ``locator``.</doc>
<arguments>
<arg>xpath://button[@id="${button_id}"]</arg>
</arguments>
<msg timestamp="20200302 20:22:54.344" level="INFO">Clicking button 'xpath://button[@id="continue"]'.</msg>
<status status="PASS" starttime="20200302 20:22:54.344" endtime="20200302 20:22:55.637"></status>
</kw>
<status status="PASS" starttime="20200302 20:22:54.343" endtime="20200302 20:22:55.638"></status>
</kw>
<kw name="Wait Until Page Contains Element" library="SeleniumLibrary">
<doc>Waits until the element ``locator`` appears on the current page.</doc>
<arguments>
<arg>xpath://input[@id="bookQ7pass7"]</arg>
<arg>timeout=30</arg>
</arguments>
<status status="PASS" starttime="20200302 20:22:55.638" endtime="20200302 20:22:55.710"></status>
</kw>
<kw name="Click Element" library="SeleniumLibrary">
<doc>Click the element identified by ``locator``.</doc>
<arguments>
<arg>xpath://*[@id="bookQ7pass7"]</arg>
</arguments>
<msg timestamp="20200302 20:22:55.711" level="INFO">Clicking element 'xpath://*[@id="bookQ7pass7"]'.</msg>
<status status="PASS" starttime="20200302 20:22:55.710" endtime="20200302 20:22:56.750"></status>
</kw>
<kw name="Wait Until Page Contains Element" library="SeleniumLibrary">
<doc>Waits until the element ``locator`` appears on the current page.</doc>
<arguments>
<arg>xpath://input[@id="cardNum"]</arg>
<arg>timeout=12</arg>
</arguments>
<status status="PASS" starttime="20200302 20:22:56.751" endtime="20200302 20:22:56.780"></status>
</kw>
<kw name="Input Text" library="SeleniumLibrary">
<doc>Types the given ``text`` into the text field identified by ``locator``.</doc>
<arguments>
<arg>xpath://input[@id="cardNum"]</arg>
<arg>0123456789012345</arg>
</arguments>
<msg timestamp="20200302 20:22:56.781" level="INFO">Typing text '0123456789012345' into text field 'xpath://input[@id="cardNum"]'.</msg>
<status status="PASS" starttime="20200302 20:22:56.781" endtime="20200302 20:22:57.724"></status>
</kw>
<kw name="Input Text" library="SeleniumLibrary">
<doc>Types the given ``text`` into the text field identified by ``locator``.</doc>
<arguments>
<arg>xpath://input[@id="fullName"]</arg>
<arg>Anonymous Coward</arg>
</arguments>
<msg timestamp="20200302 20:22:57.725" level="INFO">Typing text 'Anonymous Coward' into text field 'xpath://input[@id="fullName"]'.</msg>
<status status="PASS" starttime="20200302 20:22:57.724" endtime="20200302 20:22:58.254"></status>
</kw>
<kw name="Click Element" library="SeleniumLibrary">
<doc>Click the element identified by ``locator``.</doc>
<arguments>
<arg>xpath://*[@id="month3"]</arg>
</arguments>
<msg timestamp="20200302 20:22:58.255" level="INFO">Clicking element 'xpath://*[@id="month3"]'.</msg>
<status status="PASS" starttime="20200302 20:22:58.255" endtime="20200302 20:22:58.435"></status>
</kw>
<kw name="Click Element" library="SeleniumLibrary">
<doc>Click the element identified by ``locator``.</doc>
<arguments>
<arg>xpath://*[@id="month2024"]</arg>
</arguments>
<msg timestamp="20200302 20:22:58.436" level="INFO">Clicking element 'xpath://*[@id="month2024"]'.</msg>
<status status="PASS" starttime="20200302 20:22:58.435" endtime="20200302 20:22:58.597"></status>
</kw>
<kw name="Input Text" library="SeleniumLibrary">
<doc>Types the given ``text`` into the text field identified by ``locator``.</doc>
<arguments>
<arg>xpath://input[@id="cvc"]</arg>
<arg>123</arg>
</arguments>
<msg timestamp="20200302 20:22:58.598" level="INFO">Typing text '123' into text field 'xpath://input[@id="cvc"]'.</msg>
<status status="PASS" starttime="20200302 20:22:58.598" endtime="20200302 20:22:58.856"></status>
</kw>
<kw name="Click Button" library="SeleniumLibrary">
<doc>Clicks the button identified by ``locator``.</doc>
<arguments>
<arg>xpath://button[@id="confirm"]</arg>
</arguments>
<msg timestamp="20200302 20:22:58.856" level="INFO">Clicking button 'xpath://button[@id="confirm"]'.</msg>
<status status="PASS" starttime="20200302 20:22:58.856" endtime="20200302 20:22:59.262"></status>
</kw>
<kw name="Page Should Contain" library="SeleniumLibrary">
<doc>Verifies that current page contains ``text``.</doc>
<arguments>
<arg>is now ready for pickup</arg>
</arguments>
<msg timestamp="20200302 20:22:59.318" level="INFO">Current page contains text 'is now ready for pickup'.</msg>
<status status="PASS" starttime="20200302 20:22:59.263" endtime="20200302 20:22:59.318"></status>
</kw>
<kw name="Click Button" library="SeleniumLibrary">
<doc>Clicks the button identified by ``locator``.</doc>
<arguments>
<arg>xpath://button[@id="mypage"]</arg>
</arguments>
<msg timestamp="20200302 20:22:59.320" level="INFO">Clicking button 'xpath://button[@id="mypage"]'.</msg>
<status status="PASS" starttime="20200302 20:22:59.319" endtime="20200302 20:22:59.911"></status>
</kw>
<kw name="Page Should Contain" library="SeleniumLibrary">
<doc>Verifies that current page contains ``text``.</doc>
<arguments>
<arg>My bookings</arg>
</arguments>
<msg timestamp="20200302 20:23:00.073" level="INFO">Current page contains text 'My bookings'.</msg>
<status status="PASS" starttime="20200302 20:22:59.912" endtime="20200302 20:23:00.073"></status>
</kw>
<kw name="Click Button" library="SeleniumLibrary">
<doc>Clicks the button identified by ``locator``.</doc>
<arguments>
<arg>xpath://button[@id="unBook1"]</arg>
</arguments>
<msg timestamp="20200302 20:23:00.074" level="INFO">Clicking button 'xpath://button[@id="unBook1"]'.</msg>
<status status="PASS" starttime="20200302 20:23:00.074" endtime="20200302 20:23:00.273"></status>
</kw>
<kw name="Handle Alert" library="SeleniumLibrary">
<doc>Handles the current alert and returns its message.</doc>
<status status="PASS" starttime="20200302 20:23:00.274" endtime="20200302 20:23:00.346"></status>
</kw>
<status status="PASS" starttime="20200302 20:22:53.733" endtime="20200302 20:23:00.346"></status>
</kw>
<kw name="Log Out" library="keywords">
<kw name="Click Button" library="SeleniumLibrary">
<doc>Clicks the button identified by ``locator``.</doc>
<arguments>
<arg>xpath://button[@id="logout"]</arg>
</arguments>
<msg timestamp="20200302 20:23:00.356" level="INFO">Clicking button 'xpath://button[@id="logout"]'.</msg>
<status status="PASS" starttime="20200302 20:23:00.356" endtime="20200302 20:23:01.246"></status>
</kw>
<status status="PASS" starttime="20200302 20:23:00.355" endtime="20200302 20:23:01.247"></status>
</kw>
<kw name="End Web Test" library="keywords" type="teardown">
<kw name="Close Browser" library="SeleniumLibrary">
<doc>Closes the current browser.</doc>
<status status="PASS" starttime="20200302 20:23:01.249" endtime="20200302 20:23:03.668"></status>
</kw>
<status status="PASS" starttime="20200302 20:23:01.248" endtime="20200302 20:23:03.669"></status>
</kw>
<doc>Extended test</doc>
<tags>
<tag>Testfall 5: try buy</tag>
</tags>
<status status="PASS" starttime="20200302 20:22:36.927" endtime="20200302 20:23:03.670" critical="yes"></status>
</test>
<doc>Global documentation</doc>
<status status="PASS" starttime="20200302 20:21:26.148" endtime="20200302 20:23:03.679"></status>
</suite>
<status status="PASS" starttime="20200302 20:21:26.089" endtime="20200302 20:23:03.706"></status>
</suite>
<statistics>
<total>
<stat pass="5" fail="0">Critical Tests</stat>
<stat pass="5" fail="0">All Tests</stat>
</total>
<tag>
<stat pass="1" fail="0">Testfall 1: Negative</stat>
<stat pass="1" fail="0">Testfall 2: Gherkin Test MyPage</stat>
<stat pass="1" fail="0">Testfall 3: Submit no value</stat>
<stat pass="1" fail="0">Testfall 4: Reset Button</stat>
<stat pass="1" fail="0">Testfall 5: try buy</stat>
</tag>
<suite>
<stat pass="5" fail="0" id="s1" name="Tests">Tests</stat>
<stat pass="5" fail="0" id="s1-s1" name="Lab2">Tests.Lab2</stat>
</suite>
</statistics>
<errors>
</errors>
</robot>
